<?xml version="1.0" encoding="UTF-8" ?>
<testsuite tests="18" failures="0" name="TestSuite" time="148.601" errors="0" skipped="0">
  <properties>
    <property name="jansi.mode" value="force"/>
    <property name="java.runtime.name" value="OpenJDK Runtime Environment"/>
    <property name="java.vm.version" value="17.0.6+10"/>
    <property name="sun.boot.library.path" value="/Applications/Eclipse.app/Contents/Eclipse/plugins/org.eclipse.justj.openjdk.hotspot.jre.full.macosx.x86_64_17.0.6.v20230204-1729/jre/lib"/>
    <property name="maven.multiModuleProjectDirectory" value="/Users/collabera/eclipse-workspace/AppiumPOMv2"/>
    <property name="java.vm.vendor" value="Eclipse Adoptium"/>
    <property name="java.vendor.url" value="https://adoptium.net/"/>
    <property name="guice.disable.misplaced.annotation.check" value="true"/>
    <property name="path.separator" value=":"/>
    <property name="java.vm.name" value="OpenJDK 64-Bit Server VM"/>
    <property name="user.country" value="US"/>
    <property name="sun.java.launcher" value="SUN_STANDARD"/>
    <property name="java.vm.specification.name" value="Java Virtual Machine Specification"/>
    <property name="user.dir" value="/Users/collabera/eclipse-workspace/AppiumPOMv2"/>
    <property name="java.vm.compressedOopsMode" value="Zero based"/>
    <property name="java.runtime.version" value="17.0.6+10"/>
    <property name="os.arch" value="x86_64"/>
    <property name="java.io.tmpdir" value="/var/folders/4c/jgh6klk90mg8k015nlxk5jyc0000gn/T/"/>
    <property name="line.separator" value="
"/>
    <property name="java.vm.specification.vendor" value="Oracle Corporation"/>
    <property name="os.name" value="Mac OS X"/>
    <property name="classworlds.conf" value="/Users/collabera/eclipse-workspace/.metadata/.plugins/org.eclipse.m2e.launching/launches/m2conf15971343168267568040.tmp"/>
    <property name="sun.jnu.encoding" value="UTF-8"/>
    <property name="java.library.path" value="/Users/collabera/Library/Java/Extensions:/Library/Java/Extensions:/Network/Library/Java/Extensions:/System/Library/Java/Extensions:/usr/lib/java:."/>
    <property name="jdk.debug" value="release"/>
    <property name="java.class.version" value="61.0"/>
    <property name="java.specification.name" value="Java Platform API Specification"/>
    <property name="sun.management.compiler" value="HotSpot 64-Bit Tiered Compilers"/>
    <property name="os.version" value="13.3.1"/>
    <property name="http.nonProxyHosts" value="local|*.local|169.254/16|*.169.254/16"/>
    <property name="user.home" value="/Users/collabera"/>
    <property name="user.timezone" value="Asia/Manila"/>
    <property name="file.encoding" value="UTF-8"/>
    <property name="java.specification.version" value="17"/>
    <property name="user.name" value="collabera"/>
    <property name="java.class.path" value="/Applications/Eclipse.app/Contents/Eclipse/plugins/org.eclipse.m2e.maven.runtime_3.8.701.20230209-1606/jars/plexus-classworlds-2.6.0.jar"/>
    <property name="java.vm.specification.version" value="17"/>
    <property name="sun.arch.data.model" value="64"/>
    <property name="sun.java.command" value="org.codehaus.plexus.classworlds.launcher.Launcher -B -Dstyle.color=always install"/>
    <property name="java.home" value="/Applications/Eclipse.app/Contents/Eclipse/plugins/org.eclipse.justj.openjdk.hotspot.jre.full.macosx.x86_64_17.0.6.v20230204-1729/jre"/>
    <property name="user.language" value="en"/>
    <property name="java.specification.vendor" value="Oracle Corporation"/>
    <property name="java.vm.info" value="mixed mode"/>
    <property name="java.version" value="17.0.6"/>
    <property name="native.encoding" value="UTF-8"/>
    <property name="java.vendor" value="Eclipse Adoptium"/>
    <property name="maven.home" value="/Users/collabera/eclipse-workspace/AppiumPOMv2/EMBEDDED"/>
    <property name="style.color" value="always"/>
    <property name="file.separator" value="/"/>
    <property name="java.version.date" value="2023-01-17"/>
    <property name="java.vendor.url.bug" value="https://github.com/adoptium/adoptium-support/issues"/>
    <property name="sun.io.unicode.encoding" value="UnicodeBig"/>
    <property name="sun.cpu.endian" value="little"/>
    <property name="java.vendor.version" value="Temurin-17.0.6+10"/>
    <property name="m2e.build.project.data.socket.port" value="50466"/>
    <property name="socksNonProxyHosts" value="local|*.local|169.254/16|*.169.254/16"/>
    <property name="ftp.nonProxyHosts" value="local|*.local|169.254/16|*.169.254/16"/>
  </properties>
  <testcase classname="tests.TestAndroid" name="TC_BAA_01" time="32.492"/>
  <testcase classname="tests.TestAndroid" name="TC_BAA_02" time="17.592"/>
  <testcase classname="tests.TestAndroid" name="TC_BAA_03" time="25.03"/>
  <testcase classname="tests.TestIOS" name="UI_01" time="3.647"/>
  <testcase classname="tests.TestIOS" name="UI_02" time="2.188"/>
  <testcase classname="tests.TestIOS" name="UI_04" time="5.988"/>
  <testcase classname="tests.TestIOS" name="UI_05" time="2.606"/>
  <testcase classname="tests.TestIOS" name="UI_06" time="3.292"/>
  <testcase classname="tests.TestIOS" name="UI_07" time="11.976"/>
  <testcase classname="tests.TestIOS" name="UI_08" time="9.843"/>
  <testcase classname="tests.TestIOS" name="UI_09" time="4.029"/>
  <testcase classname="tests.TestIOS" name="UI_10" time="4.962"/>
  <testcase classname="tests.TestIOS" name="UI_11" time="3.505"/>
  <testcase classname="tests.TestIOS" name="UI_12" time="2.263"/>
  <testcase classname="tests.TestIOS" name="UI_13" time="7.781"/>
  <testcase classname="tests.TestIOS" name="UI_14" time="4.065"/>
  <testcase classname="tests.TestIOS" name="UI_15" time="3.588"/>
  <testcase classname="tests.TestIOS" name="UI_17" time="3.754"/>
</testsuite>