<?xml version="1.0" encoding="UTF-8"?>
<!-- Generated by org.testng.reporters.JUnitReportReporter -->
<testsuite hostname="Collaberas-MacBook-Pro.local" failures="0" tests="4" name="tests_Android.TC_BAA_01" time="30.444" errors="0" timestamp="2023-05-11T01:20:19 PST" skipped="0">
  <testcase classname="tests_Android.TC_BAA_01" name="launchApp" time="12.912"/>
  <system-out/>
  <testcase classname="tests_Android.TC_BAA_01" name="createAccount" time="8.760"/>
  <system-out/>
  <testcase classname="tests_Android.TC_BAA_01" name="login" time="5.285"/>
  <system-out/>
  <testcase classname="tests_Android.TC_BAA_01" name="validateEnterDetails" time="3.487"/>
  <system-out/>
</testsuite> <!-- tests_Android.TC_BAA_01 -->
