<?xml version="1.0" encoding="UTF-8"?>
<!-- Generated by org.testng.reporters.JUnitReportReporter -->
<testsuite hostname="Collaberas-MacBook-Pro.local" failures="0" tests="3" name="tests.TestAndroid" time="72.741" errors="0" timestamp="2023-05-15T11:02:02 PST" skipped="0">
  <testcase classname="tests.TestAndroid" name="TC_BAA_01" time="27.714"/>
  <system-out/>
  <testcase classname="tests.TestAndroid" name="TC_BAA_02" time="18.795"/>
  <system-out/>
  <testcase classname="tests.TestAndroid" name="TC_BAA_03" time="26.232"/>
  <system-out/>
</testsuite> <!-- tests.TestAndroid -->
