<?xml version="1.0" encoding="UTF-8"?>
<!-- Generated by org.testng.reporters.JUnitReportReporter -->
<testsuite hostname="Collaberas-MacBook-Pro.local" failures="0" tests="4" name="tests_AndroidPhone.TC_BAA_01" time="16.527" errors="0" timestamp="2023-05-13T02:37:35 PST" skipped="0">
  <testcase classname="tests_AndroidPhone.TC_BAA_01" name="launchApp" time="0.015"/>
  <system-out/>
  <testcase classname="tests_AndroidPhone.TC_BAA_01" name="createAccount" time="8.723"/>
  <system-out/>
  <testcase classname="tests_AndroidPhone.TC_BAA_01" name="login" time="3.904"/>
  <system-out/>
  <testcase classname="tests_AndroidPhone.TC_BAA_01" name="validateEnterDetails" time="3.885"/>
  <system-out/>
</testsuite> <!-- tests_AndroidPhone.TC_BAA_01 -->
