<?xml version="1.0" encoding="UTF-8"?>
<!-- Generated by org.testng.reporters.JUnitReportReporter -->
<testsuite hostname="Collaberas-MacBook-Pro.local" failures="0" tests="6" name="tests_AndroidTablet.TC_BAA_03" time="22.154" errors="0" timestamp="2023-05-13T01:47:09 PST" skipped="0">
  <testcase classname="tests_AndroidTablet.TC_BAA_03" name="launchApp" time="0.019"/>
  <system-out/>
  <testcase classname="tests_AndroidTablet.TC_BAA_03" name="createAccount" time="9.011"/>
  <system-out/>
  <testcase classname="tests_AndroidTablet.TC_BAA_03" name="login" time="2.925"/>
  <system-out/>
  <testcase classname="tests_AndroidTablet.TC_BAA_03" name="addTransaction" time="5.042"/>
  <system-out/>
  <testcase classname="tests_AndroidTablet.TC_BAA_03" name="viewTransaction" time="2.153"/>
  <system-out/>
  <testcase classname="tests_AndroidTablet.TC_BAA_03" name="validateTransaction" time="3.004"/>
  <system-out/>
</testsuite> <!-- tests_AndroidTablet.TC_BAA_03 -->
