<?xml version="1.0" encoding="UTF-8"?>
<!-- Generated by org.testng.reporters.JUnitReportReporter -->
<testsuite hostname="Collaberas-MacBook-Pro.local" failures="0" tests="16" name="tests.TestIOS" time="76.425" errors="0" timestamp="2023-05-15T11:22:27 PST" skipped="1">
  <testcase classname="tests.TestIOS" name="UI_01" time="3.754"/>
  <system-out/>
  <testcase classname="tests.TestIOS" name="UI_02" time="2.343"/>
  <system-out/>
  <testcase classname="tests.TestIOS" name="UI_04" time="6.469"/>
  <system-out/>
  <testcase classname="tests.TestIOS" name="UI_05" time="2.726"/>
  <system-out/>
  <testcase classname="tests.TestIOS" name="UI_06" time="3.706"/>
  <system-out/>
  <testcase classname="tests.TestIOS" name="UI_07" time="12.153"/>
  <system-out/>
  <testcase classname="tests.TestIOS" name="UI_08" time="9.970"/>
  <system-out/>
  <testcase classname="tests.TestIOS" name="UI_09" time="4.190"/>
  <system-out/>
  <testcase classname="tests.TestIOS" name="UI_10" time="5.144"/>
  <system-out/>
  <testcase classname="tests.TestIOS" name="UI_11" time="3.761"/>
  <system-out/>
  <testcase classname="tests.TestIOS" name="UI_12" time="2.502"/>
  <system-out/>
  <testcase classname="tests.TestIOS" name="UI_13" time="8.019"/>
  <system-out/>
  <testcase classname="tests.TestIOS" name="UI_14" time="4.175"/>
  <system-out/>
  <testcase classname="tests.TestIOS" name="UI_15" time="3.609"/>
  <system-out/>
  <testcase classname="tests.TestIOS" name="UI_17" time="3.904"/>
  <system-out/>
  <testcase classname="tests.TestIOS" name="UI_03">
    <skipped/>
  </testcase> <!-- UI_03 -->
  <system-out/>
</testsuite> <!-- tests.TestIOS -->
