<?xml version="1.0" encoding="UTF-8"?>
<!-- Generated by org.testng.reporters.JUnitReportReporter -->
<testsuite hostname="Collaberas-MacBook-Pro.local" failures="0" tests="5" name="tests_Android.TC_BAA_02" time="18.730" errors="0" timestamp="2023-05-11T01:20:19 PST" skipped="0">
  <testcase classname="tests_Android.TC_BAA_02" name="launchApp" time="7.135"/>
  <system-out/>
  <testcase classname="tests_Android.TC_BAA_02" name="login" time="3.783"/>
  <system-out/>
  <testcase classname="tests_Android.TC_BAA_02" name="addTransaction" time="4.118"/>
  <system-out/>
  <testcase classname="tests_Android.TC_BAA_02" name="viewTransaction" time="1.253"/>
  <system-out/>
  <testcase classname="tests_Android.TC_BAA_02" name="validateTransaction" time="2.441"/>
  <system-out/>
</testsuite> <!-- tests_Android.TC_BAA_02 -->
