<?xml version="1.0" encoding="UTF-8"?>
<!-- Generated by org.testng.reporters.JUnitReportReporter -->
<testsuite hostname="Collaberas-MacBook-Pro.local" failures="0" tests="5" name="tests_AndroidTablet.TC_BAA_02" time="12.155" errors="0" timestamp="2023-05-13T01:46:21 PST" skipped="0">
  <testcase classname="tests_AndroidTablet.TC_BAA_02" name="launchApp" time="0.020"/>
  <system-out/>
  <testcase classname="tests_AndroidTablet.TC_BAA_02" name="login" time="3.746"/>
  <system-out/>
  <testcase classname="tests_AndroidTablet.TC_BAA_02" name="addTransaction" time="4.412"/>
  <system-out/>
  <testcase classname="tests_AndroidTablet.TC_BAA_02" name="viewTransaction" time="1.579"/>
  <system-out/>
  <testcase classname="tests_AndroidTablet.TC_BAA_02" name="validateTransaction" time="2.398"/>
  <system-out/>
</testsuite> <!-- tests_AndroidTablet.TC_BAA_02 -->
