<?xml version="1.0" encoding="UTF-8"?>
<!-- Generated by org.testng.reporters.JUnitReportReporter -->
<testsuite hostname="Collaberas-MacBook-Pro.local" failures="0" tests="1" name="tests.IOSTest_Phone" time="12.570" errors="0" timestamp="2023-05-10T00:55:04 PST" skipped="0">
  <testcase classname="tests.IOSTest_Phone" name="f" time="12.570"/>
  <system-out/>
</testsuite> <!-- tests.IOSTest_Phone -->
