<?xml version="1.0" encoding="UTF-8"?>
<!-- Generated by org.testng.reporters.JUnitReportReporter -->
<testsuite hostname="Collaberas-MacBook-Pro.local" failures="0" tests="16" name="tests.TestIOS" time="75.698" errors="0" timestamp="2023-05-16T14:04:29 PST" skipped="1">
  <testcase classname="tests.TestIOS" name="UI_01" time="3.548"/>
  <system-out/>
  <testcase classname="tests.TestIOS" name="UI_02" time="2.389"/>
  <system-out/>
  <testcase classname="tests.TestIOS" name="UI_04" time="6.416"/>
  <system-out/>
  <testcase classname="tests.TestIOS" name="UI_05" time="2.748"/>
  <system-out/>
  <testcase classname="tests.TestIOS" name="UI_06" time="3.413"/>
  <system-out/>
  <testcase classname="tests.TestIOS" name="UI_07" time="12.049"/>
  <system-out/>
  <testcase classname="tests.TestIOS" name="UI_08" time="9.959"/>
  <system-out/>
  <testcase classname="tests.TestIOS" name="UI_09" time="4.108"/>
  <system-out/>
  <testcase classname="tests.TestIOS" name="UI_10" time="5.071"/>
  <system-out/>
  <testcase classname="tests.TestIOS" name="UI_11" time="3.641"/>
  <system-out/>
  <testcase classname="tests.TestIOS" name="UI_12" time="2.413"/>
  <system-out/>
  <testcase classname="tests.TestIOS" name="UI_13" time="7.759"/>
  <system-out/>
  <testcase classname="tests.TestIOS" name="UI_14" time="4.149"/>
  <system-out/>
  <testcase classname="tests.TestIOS" name="UI_15" time="4.166"/>
  <system-out/>
  <testcase classname="tests.TestIOS" name="UI_17" time="3.869"/>
  <system-out/>
  <testcase classname="tests.TestIOS" name="UI_03">
    <skipped/>
  </testcase> <!-- UI_03 -->
  <system-out/>
</testsuite> <!-- tests.TestIOS -->
