<?xml version="1.0" encoding="UTF-8"?>
<!-- Generated by org.testng.reporters.JUnitReportReporter -->
<testsuite hostname="Collaberas-MacBook-Pro.local" failures="0" tests="1" name="test_Android.AndroidTest_Tablet" time="17.824" errors="0" timestamp="2023-05-09T12:42:29 PST" skipped="0">
  <testcase classname="test_Android.AndroidTest_Tablet" name="f" time="17.824"/>
  <system-out/>
</testsuite> <!-- test_Android.AndroidTest_Tablet -->
