<?xml version="1.0" encoding="UTF-8"?>
<!-- Generated by org.testng.reporters.JUnitReportReporter -->
<testsuite hostname="Collaberas-MacBook-Pro.local" failures="0" tests="3" name="tests.TestAndroid" time="73.518" errors="0" timestamp="2023-05-17T20:27:31 PST" skipped="0">
  <testcase classname="tests.TestAndroid" name="TC_BAA_01" time="27.401"/>
  <system-out/>
  <testcase classname="tests.TestAndroid" name="TC_BAA_02" time="19.464"/>
  <system-out/>
  <testcase classname="tests.TestAndroid" name="TC_BAA_03" time="26.653"/>
  <system-out/>
</testsuite> <!-- tests.TestAndroid -->
