<?xml version="1.0" encoding="UTF-8"?>
<!-- Generated by org.testng.reporters.JUnitReportReporter -->
<testsuite hostname="Collaberas-MacBook-Pro.local" failures="0" tests="16" name="tests.TestIOS" time="74.221" errors="0" timestamp="2023-05-14T23:55:55 PST" skipped="1">
  <testcase classname="tests.TestIOS" name="UI_01" time="3.619"/>
  <system-out/>
  <testcase classname="tests.TestIOS" name="UI_02" time="2.168"/>
  <system-out/>
  <testcase classname="tests.TestIOS" name="UI_04" time="5.982"/>
  <system-out/>
  <testcase classname="tests.TestIOS" name="UI_05" time="2.623"/>
  <system-out/>
  <testcase classname="tests.TestIOS" name="UI_06" time="3.356"/>
  <system-out/>
  <testcase classname="tests.TestIOS" name="UI_07" time="11.956"/>
  <system-out/>
  <testcase classname="tests.TestIOS" name="UI_08" time="9.942"/>
  <system-out/>
  <testcase classname="tests.TestIOS" name="UI_09" time="4.028"/>
  <system-out/>
  <testcase classname="tests.TestIOS" name="UI_10" time="4.956"/>
  <system-out/>
  <testcase classname="tests.TestIOS" name="UI_11" time="3.591"/>
  <system-out>
    <![CDATA[Further Detail]]>
  </system-out>
  <testcase classname="tests.TestIOS" name="UI_12" time="2.331"/>
  <system-out/>
  <testcase classname="tests.TestIOS" name="UI_13" time="7.764"/>
  <system-out/>
  <testcase classname="tests.TestIOS" name="UI_14" time="4.157"/>
  <system-out/>
  <testcase classname="tests.TestIOS" name="UI_15" time="4.071"/>
  <system-out/>
  <testcase classname="tests.TestIOS" name="UI_17" time="3.677"/>
  <system-out>
    <![CDATA[A Short Title Is Best]]>
  </system-out>
  <testcase classname="tests.TestIOS" name="UI_03">
    <skipped/>
  </testcase> <!-- UI_03 -->
  <system-out/>
</testsuite> <!-- tests.TestIOS -->
