<?xml version="1.0" encoding="UTF-8"?>
<!-- Generated by org.testng.reporters.JUnitReportReporter -->
<testsuite hostname="Collaberas-MacBook-Pro.local" failures="0" tests="3" name="tests.TestAndroid" time="74.470" errors="0" timestamp="2023-05-14T23:50:16 PST" skipped="0">
  <testcase classname="tests.TestAndroid" name="TC_BAA_01" time="26.167"/>
  <system-out/>
  <testcase classname="tests.TestAndroid" name="TC_BAA_02" time="20.421"/>
  <system-out/>
  <testcase classname="tests.TestAndroid" name="TC_BAA_03" time="27.882"/>
  <system-out/>
</testsuite> <!-- tests.TestAndroid -->
