<?xml version="1.0" encoding="UTF-8"?>
<!-- Generated by org.testng.reporters.JUnitReportReporter -->
<testsuite hostname="Collaberas-MacBook-Pro.local" failures="0" tests="3" name="tests_AndroidPhone.TestAndroid" time="66.184" errors="0" timestamp="2023-05-13T15:56:52 PST" skipped="0">
  <testcase classname="tests_AndroidPhone.TestAndroid" name="TC_BAA_01" time="24.163"/>
  <system-out/>
  <testcase classname="tests_AndroidPhone.TestAndroid" name="TC_BAA_02" time="17.411"/>
  <system-out/>
  <testcase classname="tests_AndroidPhone.TestAndroid" name="TC_BAA_03" time="24.610"/>
  <system-out/>
</testsuite> <!-- tests_AndroidPhone.TestAndroid -->
