<?xml version="1.0" encoding="UTF-8"?>
<!-- Generated by org.testng.reporters.JUnitReportReporter -->
<testsuite hostname="Collaberas-MacBook-Pro.local" failures="0" tests="4" name="tests_Android.Test_BAA_01" time="32.940" errors="0" timestamp="2023-05-10T16:53:34 PST" skipped="0">
  <testcase classname="tests_Android.Test_BAA_01" name="launchApp" time="14.468"/>
  <system-out/>
  <testcase classname="tests_Android.Test_BAA_01" name="createAccount" time="9.774"/>
  <system-out/>
  <testcase classname="tests_Android.Test_BAA_01" name="login" time="4.913"/>
  <system-out/>
  <testcase classname="tests_Android.Test_BAA_01" name="validateEnterDetails" time="3.785"/>
  <system-out/>
</testsuite> <!-- tests_Android.Test_BAA_01 -->
