<?xml version="1.0" encoding="UTF-8"?>
<!-- Generated by org.testng.reporters.JUnitReportReporter -->
<testsuite hostname="Collaberas-MacBook-Pro.local" failures="0" tests="16" name="tests_iOS.IOSTest_Phone" time="60.800" errors="0" timestamp="2023-05-14T23:39:20 PST" skipped="1">
  <testcase classname="tests_iOS.IOSTest_Phone" name="UI_01" time="2.496"/>
  <system-out/>
  <testcase classname="tests_iOS.IOSTest_Phone" name="UI_02" time="1.078"/>
  <system-out/>
  <testcase classname="tests_iOS.IOSTest_Phone" name="UI_04" time="4.797"/>
  <system-out/>
  <testcase classname="tests_iOS.IOSTest_Phone" name="UI_05" time="1.596"/>
  <system-out/>
  <testcase classname="tests_iOS.IOSTest_Phone" name="UI_06" time="2.592"/>
  <system-out/>
  <testcase classname="tests_iOS.IOSTest_Phone" name="UI_07" time="10.595"/>
  <system-out/>
  <testcase classname="tests_iOS.IOSTest_Phone" name="UI_08" time="8.031"/>
  <system-out/>
  <testcase classname="tests_iOS.IOSTest_Phone" name="UI_09" time="3.605"/>
  <system-out/>
  <testcase classname="tests_iOS.IOSTest_Phone" name="UI_10" time="4.626"/>
  <system-out/>
  <testcase classname="tests_iOS.IOSTest_Phone" name="UI_11" time="3.089"/>
  <system-out>
    <![CDATA[Further Detail]]>
  </system-out>
  <testcase classname="tests_iOS.IOSTest_Phone" name="UI_12" time="1.078"/>
  <system-out/>
  <testcase classname="tests_iOS.IOSTest_Phone" name="UI_13" time="8.440"/>
  <system-out/>
  <testcase classname="tests_iOS.IOSTest_Phone" name="UI_14" time="3.464"/>
  <system-out/>
  <testcase classname="tests_iOS.IOSTest_Phone" name="UI_15" time="2.425"/>
  <system-out/>
  <testcase classname="tests_iOS.IOSTest_Phone" name="UI_17" time="2.888"/>
  <system-out>
    <![CDATA[A Short Title Is Best]]>
  </system-out>
  <testcase classname="tests_iOS.IOSTest_Phone" name="UI_03">
    <skipped/>
  </testcase> <!-- UI_03 -->
  <system-out/>
</testsuite> <!-- tests_iOS.IOSTest_Phone -->
