<?xml version="1.0" encoding="UTF-8"?>
<!-- Generated by org.testng.reporters.JUnitReportReporter -->
<testsuite hostname="Collaberas-MacBook-Pro.local" failures="0" tests="6" name="tests_Android.TC_BAA_03" time="29.568" errors="0" timestamp="2023-05-11T01:20:19 PST" skipped="0">
  <testcase classname="tests_Android.TC_BAA_03" name="launchApp" time="7.923"/>
  <system-out/>
  <testcase classname="tests_Android.TC_BAA_03" name="createAccount" time="8.831"/>
  <system-out/>
  <testcase classname="tests_Android.TC_BAA_03" name="login" time="4.366"/>
  <system-out/>
  <testcase classname="tests_Android.TC_BAA_03" name="addTransaction" time="3.584"/>
  <system-out/>
  <testcase classname="tests_Android.TC_BAA_03" name="viewTransaction" time="1.752"/>
  <system-out/>
  <testcase classname="tests_Android.TC_BAA_03" name="validateTransaction" time="3.112"/>
  <system-out/>
</testsuite> <!-- tests_Android.TC_BAA_03 -->
