<?xml version="1.0" encoding="UTF-8"?>
<!-- Generated by org.testng.reporters.JUnitReportReporter -->
<testsuite hostname="Collaberas-MacBook-Pro.local" failures="0" tests="1" name="tests.AndroidTest_Tablet" time="16.087" errors="0" timestamp="2023-05-10T00:10:09 PST" skipped="0">
  <testcase classname="tests.AndroidTest_Tablet" name="f" time="16.087"/>
  <system-out/>
</testsuite> <!-- tests.AndroidTest_Tablet -->
