<?xml version="1.0" encoding="UTF-8"?>
<!-- Generated by org.testng.reporters.JUnitReportReporter -->
<testsuite hostname="Collaberas-MacBook-Pro.local" failures="0" tests="1" name="test_iOSPhone.IOSTest_Phone" time="3.260" errors="0" timestamp="2023-05-12T10:57:51 PST" skipped="0">
  <testcase classname="test_iOSPhone.IOSTest_Phone" name="UI_06" time="3.260"/>
  <system-out>
    <![CDATA[Default value: 65205120
Result value: 000]]>
  </system-out>
</testsuite> <!-- test_iOSPhone.IOSTest_Phone -->
