<?xml version="1.0" encoding="UTF-8"?>
<!-- Generated by org.testng.reporters.JUnitReportReporter -->
<testsuite hostname="Collaberas-MacBook-Pro.local" failures="0" tests="16" name="tests_iOS.IOSTest_Tablet" time="63.905" errors="0" timestamp="2023-05-13T02:11:01 PST" skipped="0">
  <testcase classname="tests_iOS.IOSTest_Tablet" name="UI_01" time="2.852"/>
  <system-out>
    <![CDATA[Options count: 18]]>
  </system-out>
  <testcase classname="tests_iOS.IOSTest_Tablet" name="UI_02" time="1.085"/>
  <system-out/>
  <testcase classname="tests_iOS.IOSTest_Tablet" name="UI_03" time="3.116"/>
  <system-out/>
  <testcase classname="tests_iOS.IOSTest_Tablet" name="UI_04" time="4.726"/>
  <system-out>
    <![CDATA[Image count: 1]]>
  </system-out>
  <testcase classname="tests_iOS.IOSTest_Tablet" name="UI_05" time="1.608"/>
  <system-out/>
  <testcase classname="tests_iOS.IOSTest_Tablet" name="UI_06" time="2.533"/>
  <system-out>
    <![CDATA[Default RGB value: 65205120
Result RGB value: 000]]>
  </system-out>
  <testcase classname="tests_iOS.IOSTest_Tablet" name="UI_07" time="10.609"/>
  <system-out>
    <![CDATA[Elapsed Time: 9 seconds]]>
  </system-out>
  <testcase classname="tests_iOS.IOSTest_Tablet" name="UI_08" time="7.925"/>
  <system-out/>
  <testcase classname="tests_iOS.IOSTest_Tablet" name="UI_09" time="3.588"/>
  <system-out/>
  <testcase classname="tests_iOS.IOSTest_Tablet" name="UI_10" time="4.590"/>
  <system-out/>
  <testcase classname="tests_iOS.IOSTest_Tablet" name="UI_11" time="3.054"/>
  <system-out>
    <![CDATA[Further Detail]]>
  </system-out>
  <testcase classname="tests_iOS.IOSTest_Tablet" name="UI_12" time="1.102"/>
  <system-out/>
  <testcase classname="tests_iOS.IOSTest_Tablet" name="UI_13" time="8.227"/>
  <system-out/>
  <testcase classname="tests_iOS.IOSTest_Tablet" name="UI_14" time="3.490"/>
  <system-out/>
  <testcase classname="tests_iOS.IOSTest_Tablet" name="UI_15" time="2.612"/>
  <system-out>
    <![CDATA[This is HTML content inside a WKWebView]]>
  </system-out>
  <testcase classname="tests_iOS.IOSTest_Tablet" name="UI_17" time="2.788"/>
  <system-out>
    <![CDATA[A Short Title Is Best]]>
  </system-out>
</testsuite> <!-- tests_iOS.IOSTest_Tablet -->
