<?xml version="1.0" encoding="UTF-8"?>
<!-- Generated by org.testng.reporters.JUnitReportReporter -->
<testsuite hostname="Collaberas-MacBook-Pro.local" failures="0" tests="1" name="test_Android.AndroidTest_Phone" time="18.443" errors="0" timestamp="2023-05-09T12:32:17 PST" skipped="0">
  <testcase classname="test_Android.AndroidTest_Phone" name="f" time="18.443"/>
  <system-out/>
</testsuite> <!-- test_Android.AndroidTest_Phone -->
