<?xml version="1.0" encoding="UTF-8"?>
<!-- Generated by org.testng.reporters.JUnitReportReporter -->
<testsuite hostname="Collaberas-MacBook-Pro.local" failures="0" tests="1" name="tests.TestClass" time="6.567" errors="0" timestamp="2023-05-11T09:35:18 PST" skipped="0">
  <testcase classname="tests.TestClass" name="launchApp" time="6.567"/>
  <system-out/>
</testsuite> <!-- tests.TestClass -->
