<?xml version="1.0" encoding="UTF-8"?>
<!-- Generated by org.testng.reporters.JUnitReportReporter -->
<testsuite hostname="Collaberas-MacBook-Pro.local" failures="0" tests="3" name="tests.TestAndroid" time="74.515" errors="0" timestamp="2023-05-16T14:07:43 PST" skipped="0">
  <testcase classname="tests.TestAndroid" name="TC_BAA_01" time="26.674"/>
  <system-out/>
  <testcase classname="tests.TestAndroid" name="TC_BAA_02" time="19.825"/>
  <system-out/>
  <testcase classname="tests.TestAndroid" name="TC_BAA_03" time="28.016"/>
  <system-out/>
</testsuite> <!-- tests.TestAndroid -->
