<?xml version="1.0" encoding="UTF-8"?>
<!-- Generated by org.testng.reporters.JUnitReportReporter -->
<testsuite hostname="Collaberas-MacBook-Pro.local" failures="0" tests="3" name="tests.AndroidTest_Phone" time="48.787" errors="0" timestamp="2023-05-10T15:27:52 PST" skipped="0">
  <testcase classname="tests.AndroidTest_Phone" name="BBA_01" time="18.001"/>
  <system-out/>
  <testcase classname="tests.AndroidTest_Phone" name="BBA_02" time="11.587"/>
  <system-out/>
  <testcase classname="tests.AndroidTest_Phone" name="BBA_03" time="19.199"/>
  <system-out/>
</testsuite> <!-- tests.AndroidTest_Phone -->
