<?xml version="1.0" encoding="UTF-8"?>
<!-- Generated by org.testng.reporters.JUnitReportReporter -->
<testsuite hostname="Collaberas-MacBook-Pro.local" failures="0" tests="4" name="tests_AndroidTablet.TC_BAA_01" time="16.350" errors="0" timestamp="2023-05-13T02:39:17 PST" skipped="0">
  <testcase classname="tests_AndroidTablet.TC_BAA_01" name="launchApp" time="0.016"/>
  <system-out/>
  <testcase classname="tests_AndroidTablet.TC_BAA_01" name="createAccount" time="8.319"/>
  <system-out/>
  <testcase classname="tests_AndroidTablet.TC_BAA_01" name="login" time="4.100"/>
  <system-out/>
  <testcase classname="tests_AndroidTablet.TC_BAA_01" name="validateEnterDetails" time="3.915"/>
  <system-out/>
</testsuite> <!-- tests_AndroidTablet.TC_BAA_01 -->
