<?xml version="1.0" encoding="UTF-8"?>
<!-- Generated by org.testng.reporters.JUnitReportReporter -->
<testsuite hostname="Collaberas-MacBook-Pro.local" failures="0" tests="1" name="tests.IOSTest_Tablet" time="11.538" errors="0" timestamp="2023-05-10T00:51:25 PST" skipped="0">
  <testcase classname="tests.IOSTest_Tablet" name="f" time="11.538"/>
  <system-out/>
</testsuite> <!-- tests.IOSTest_Tablet -->
