<?xml version="1.0" encoding="UTF-8"?>
<!-- Generated by org.testng.reporters.JUnitReportReporter -->
<testsuite hostname="Collaberas-MacBook-Pro.local" failures="0" tests="16" name="tests.TestIOS" time="73.500" errors="0" timestamp="2023-05-15T00:03:32 PST" skipped="1">
  <testcase classname="tests.TestIOS" name="UI_01" time="3.643"/>
  <system-out/>
  <testcase classname="tests.TestIOS" name="UI_02" time="2.177"/>
  <system-out/>
  <testcase classname="tests.TestIOS" name="UI_04" time="5.991"/>
  <system-out/>
  <testcase classname="tests.TestIOS" name="UI_05" time="2.613"/>
  <system-out/>
  <testcase classname="tests.TestIOS" name="UI_06" time="3.301"/>
  <system-out/>
  <testcase classname="tests.TestIOS" name="UI_07" time="11.972"/>
  <system-out/>
  <testcase classname="tests.TestIOS" name="UI_08" time="9.839"/>
  <system-out/>
  <testcase classname="tests.TestIOS" name="UI_09" time="4.034"/>
  <system-out/>
  <testcase classname="tests.TestIOS" name="UI_10" time="4.960"/>
  <system-out/>
  <testcase classname="tests.TestIOS" name="UI_11" time="3.509"/>
  <system-out>
    <![CDATA[Further Detail]]>
  </system-out>
  <testcase classname="tests.TestIOS" name="UI_12" time="2.267"/>
  <system-out/>
  <testcase classname="tests.TestIOS" name="UI_13" time="7.784"/>
  <system-out/>
  <testcase classname="tests.TestIOS" name="UI_14" time="4.067"/>
  <system-out/>
  <testcase classname="tests.TestIOS" name="UI_15" time="3.590"/>
  <system-out/>
  <testcase classname="tests.TestIOS" name="UI_17" time="3.753"/>
  <system-out>
    <![CDATA[A Short Title Is Best]]>
  </system-out>
  <testcase classname="tests.TestIOS" name="UI_03">
    <skipped/>
  </testcase> <!-- UI_03 -->
  <system-out/>
</testsuite> <!-- tests.TestIOS -->
