<?xml version="1.0" encoding="UTF-8"?>
<!-- Generated by org.testng.reporters.JUnitReportReporter -->
<testsuite hostname="Collaberas-MacBook-Pro.local" failures="0" tests="3" name="tests.TestAndroid" time="76.418" errors="0" timestamp="2023-05-15T00:03:32 PST" skipped="0">
  <testcase classname="tests.TestAndroid" name="TC_BAA_01" time="33.002"/>
  <system-out/>
  <testcase classname="tests.TestAndroid" name="TC_BAA_02" time="18.036"/>
  <system-out/>
  <testcase classname="tests.TestAndroid" name="TC_BAA_03" time="25.380"/>
  <system-out/>
</testsuite> <!-- tests.TestAndroid -->
